[  766992ms] [ERROR] Warning: Encountered two children with the same key, `%s`. Keys should be unique so that components maintain their identity across updates. Non-unique keys may cause children to be duplicated and/or omitted — the behavior is unsupported and could change in a future version.%s  
    at AnimatePresence (http://localhost:5173/node_modules/.vite/deps/motion_react.js?v=a2b3ea5f:571:26)
    at SupplierProductEditor (http://localhost:5173/src/app/components/supplier/SupplierProductEditor.tsx?t=1773483239924:47:3)
    at div
    at MyProducts (http://localhost:5173/src/app/components/supplier/MyProducts.tsx?t=1773483239924:38:23)
    at RenderedRoute (http://localhost:5173/node_modules/.vite/deps/react-router.js?v=a2b3ea5f:5474:26)
    at Outlet (http://localhost:5173/node_modules/.vite/deps/react-router.js?v=a2b3ea5f:6138:26)
    at div
    at MotionDOMComponent (http://localhost:5173/node_modules/.vite/deps/motion_react.js?v=a2b3ea5f:1274:40)
    at PopChildMeasure (http://localhost:5173/node_modules/.vite/deps/motion_react.js?v=a2b3ea5f:420:23)
    at PopChild (http://localhost:5173/node_modules/.vite/deps/motion_react.js?v=a2b3ea5f:446:21)
    at PresenceChild (http://localhost:5173/node_modules/.vite/deps/motion_react.js?v=a2b3ea5f:494:24)
    at AnimatePresence (http://localhost:5173/node_modules/.vite/deps/motion_react.js?v=a2b3ea5f:571:26)
    at PageTransition (http://localhost:5173/src/app/components/Layout.tsx?t=1773489482464:784:3)
    at main
    at div
    at div
    at Layout (http://localhost:5173/src/app/components/Layout.tsx?t=1773489482464:101:20)
    at RenderedRoute (http://localhost:5173/node_modules/.vite/deps/react-router.js?v=a2b3ea5f:5474:26)
    at RenderErrorBoundary (http://localhost:5173/node_modules/.vite/deps/react-router.js?v=a2b3ea5f:5433:5)
    at DataRoutes (http://localhost:5173/node_modules/.vite/deps/react-router.js?v=a2b3ea5f:6062:3)
    at Router (http://localhost:5173/node_modules/.vite/deps/react-router.js?v=a2b3ea5f:6147:13)
    at RouterProvider (http://localhost:5173/node_modules/.vite/deps/react-router.js?v=a2b3ea5f:5892:3)
    at RoleRouter (http://localhost:5173/src/app/App.tsx?t=1773490805904:174:23)
    at AppInner (http://localhost:5173/src/app/App.tsx?t=1773490805904:98:67)
    at AuthProvider (http://localhost:5173/src/app/components/AuthContext.tsx:30:32)
    at ConvexProvider (http://localhost:5173/node_modules/.vite/deps/chunk-AIKYKSBK.js?v=a2b3ea5f:4111:25)
    at ConvexProviderWithAuth (http://localhost:5173/node_modules/.vite/deps/chunk-AIKYKSBK.js?v=a2b3ea5f:4905:3)
    at AuthProvider (http://localhost:5173/node_modules/.vite/deps/@convex-dev_auth_react.js?v=a2b3ea5f:77:25)
    at ConvexAuthProvider (http://localhost:5173/node_modules/.vite/deps/@convex-dev_auth_react.js?v=a2b3ea5f:390:11)
    at ConvexProvider (http://localhost:5173/src/app/components/ConvexProvider.tsx:21:34)
    at App @ http://localhost:5173/src/main.tsx?t=1773490805904:6
[  767033ms] [ERROR] Warning: Encountered two children with the same key, `%s`. Keys should be unique so that components maintain their identity across updates. Non-unique keys may cause children to be duplicated and/or omitted — the behavior is unsupported and could change in a future version.%s  
    at AnimatePresence (http://localhost:5173/node_modules/.vite/deps/motion_react.js?v=a2b3ea5f:571:26)
    at SupplierProductEditor (http://localhost:5173/src/app/components/supplier/SupplierProductEditor.tsx?t=1773483239924:47:3)
    at div
    at MyProducts (http://localhost:5173/src/app/components/supplier/MyProducts.tsx?t=1773483239924:38:23)
    at RenderedRoute (http://localhost:5173/node_modules/.vite/deps/react-router.js?v=a2b3ea5f:5474:26)
    at Outlet (http://localhost:5173/node_modules/.vite/deps/react-router.js?v=a2b3ea5f:6138:26)
    at div
    at MotionDOMComponent (http://localhost:5173/node_modules/.vite/deps/motion_react.js?v=a2b3ea5f:1274:40)
    at PopChildMeasure (http://localhost:5173/node_modules/.vite/deps/motion_react.js?v=a2b3ea5f:420:23)
    at PopChild (http://localhost:5173/node_modules/.vite/deps/motion_react.js?v=a2b3ea5f:446:21)
    at PresenceChild (http://localhost:5173/node_modules/.vite/deps/motion_react.js?v=a2b3ea5f:494:24)
    at AnimatePresence (http://localhost:5173/node_modules/.vite/deps/motion_react.js?v=a2b3ea5f:571:26)
    at PageTransition (http://localhost:5173/src/app/components/Layout.tsx?t=1773489482464:784:3)
    at main
    at div
    at div
    at Layout (http://localhost:5173/src/app/components/Layout.tsx?t=1773489482464:101:20)
    at RenderedRoute (http://localhost:5173/node_modules/.vite/deps/react-router.js?v=a2b3ea5f:5474:26)
    at RenderErrorBoundary (http://localhost:5173/node_modules/.vite/deps/react-router.js?v=a2b3ea5f:5433:5)
    at DataRoutes (http://localhost:5173/node_modules/.vite/deps/react-router.js?v=a2b3ea5f:6062:3)
    at Router (http://localhost:5173/node_modules/.vite/deps/react-router.js?v=a2b3ea5f:6147:13)
    at RouterProvider (http://localhost:5173/node_modules/.vite/deps/react-router.js?v=a2b3ea5f:5892:3)
    at RoleRouter (http://localhost:5173/src/app/App.tsx?t=1773490805904:174:23)
    at AppInner (http://localhost:5173/src/app/App.tsx?t=1773490805904:98:67)
    at AuthProvider (http://localhost:5173/src/app/components/AuthContext.tsx:30:32)
    at ConvexProvider (http://localhost:5173/node_modules/.vite/deps/chunk-AIKYKSBK.js?v=a2b3ea5f:4111:25)
    at ConvexProviderWithAuth (http://localhost:5173/node_modules/.vite/deps/chunk-AIKYKSBK.js?v=a2b3ea5f:4905:3)
    at AuthProvider (http://localhost:5173/node_modules/.vite/deps/@convex-dev_auth_react.js?v=a2b3ea5f:77:25)
    at ConvexAuthProvider (http://localhost:5173/node_modules/.vite/deps/@convex-dev_auth_react.js?v=a2b3ea5f:390:11)
    at ConvexProvider (http://localhost:5173/src/app/components/ConvexProvider.tsx:21:34)
    at App @ http://localhost:5173/src/main.tsx?t=1773490805904:6
[  767237ms] [ERROR] Warning: Encountered two children with the same key, `%s`. Keys should be unique so that components maintain their identity across updates. Non-unique keys may cause children to be duplicated and/or omitted — the behavior is unsupported and could change in a future version.%s  
    at AnimatePresence (http://localhost:5173/node_modules/.vite/deps/motion_react.js?v=a2b3ea5f:571:26)
    at SupplierProductEditor (http://localhost:5173/src/app/components/supplier/SupplierProductEditor.tsx?t=1773483239924:47:3)
    at div
    at MyProducts (http://localhost:5173/src/app/components/supplier/MyProducts.tsx?t=1773483239924:38:23)
    at RenderedRoute (http://localhost:5173/node_modules/.vite/deps/react-router.js?v=a2b3ea5f:5474:26)
    at Outlet (http://localhost:5173/node_modules/.vite/deps/react-router.js?v=a2b3ea5f:6138:26)
    at div
    at MotionDOMComponent (http://localhost:5173/node_modules/.vite/deps/motion_react.js?v=a2b3ea5f:1274:40)
    at PopChildMeasure (http://localhost:5173/node_modules/.vite/deps/motion_react.js?v=a2b3ea5f:420:23)
    at PopChild (http://localhost:5173/node_modules/.vite/deps/motion_react.js?v=a2b3ea5f:446:21)
    at PresenceChild (http://localhost:5173/node_modules/.vite/deps/motion_react.js?v=a2b3ea5f:494:24)
    at AnimatePresence (http://localhost:5173/node_modules/.vite/deps/motion_react.js?v=a2b3ea5f:571:26)
    at PageTransition (http://localhost:5173/src/app/components/Layout.tsx?t=1773489482464:784:3)
    at main
    at div
    at div
    at Layout (http://localhost:5173/src/app/components/Layout.tsx?t=1773489482464:101:20)
    at RenderedRoute (http://localhost:5173/node_modules/.vite/deps/react-router.js?v=a2b3ea5f:5474:26)
    at RenderErrorBoundary (http://localhost:5173/node_modules/.vite/deps/react-router.js?v=a2b3ea5f:5433:5)
    at DataRoutes (http://localhost:5173/node_modules/.vite/deps/react-router.js?v=a2b3ea5f:6062:3)
    at Router (http://localhost:5173/node_modules/.vite/deps/react-router.js?v=a2b3ea5f:6147:13)
    at RouterProvider (http://localhost:5173/node_modules/.vite/deps/react-router.js?v=a2b3ea5f:5892:3)
    at RoleRouter (http://localhost:5173/src/app/App.tsx?t=1773490805904:174:23)
    at AppInner (http://localhost:5173/src/app/App.tsx?t=1773490805904:98:67)
    at AuthProvider (http://localhost:5173/src/app/components/AuthContext.tsx:30:32)
    at ConvexProvider (http://localhost:5173/node_modules/.vite/deps/chunk-AIKYKSBK.js?v=a2b3ea5f:4111:25)
    at ConvexProviderWithAuth (http://localhost:5173/node_modules/.vite/deps/chunk-AIKYKSBK.js?v=a2b3ea5f:4905:3)
    at AuthProvider (http://localhost:5173/node_modules/.vite/deps/@convex-dev_auth_react.js?v=a2b3ea5f:77:25)
    at ConvexAuthProvider (http://localhost:5173/node_modules/.vite/deps/@convex-dev_auth_react.js?v=a2b3ea5f:390:11)
    at ConvexProvider (http://localhost:5173/src/app/components/ConvexProvider.tsx:21:34)
    at App @ http://localhost:5173/src/main.tsx?t=1773490805904:6
