[   19332ms] [ERROR] Warning: Function components cannot be given refs. Attempts to access this ref will fail. Did you mean to use React.forwardRef()?%s%s 

Check the render method of `SlotClone`. 
    at DialogOverlay (http://localhost:5173/src/app/components/ui/dialog.tsx:62:3)
    at http://localhost:5173/node_modules/.vite/deps/chunk-XXQCPGRP.js?v=bc038f88:73:11
    at http://localhost:5173/node_modules/.vite/deps/chunk-XXQCPGRP.js?v=bc038f88:54:11
    at http://localhost:5173/node_modules/.vite/deps/chunk-D2XNNMHK.js?v=bc038f88:131:13
    at http://localhost:5173/node_modules/.vite/deps/chunk-Z2T6UYK6.js?v=bc038f88:487:22
    at Presence (http://localhost:5173/node_modules/.vite/deps/chunk-D2XNNMHK.js?v=bc038f88:172:11)
    at Provider (http://localhost:5173/node_modules/.vite/deps/chunk-D2XNNMHK.js?v=bc038f88:55:15)
    at DialogPortal (http://localhost:5173/node_modules/.vite/deps/@radix-ui_react-dialog.js?v=bc038f88:101:11)
    at DialogPortal (http://localhost:5173/src/app/components/ui/dialog.tsx:42:6)
    at DialogContent (http://localhost:5173/src/app/components/ui/dialog.tsx:87:3)
    at Provider (http://localhost:5173/node_modules/.vite/deps/chunk-D2XNNMHK.js?v=bc038f88:55:15)
    at Dialog (http://localhost:5173/node_modules/.vite/deps/@radix-ui_react-dialog.js?v=bc038f88:42:5)
    at Dialog (http://localhost:5173/src/app/components/ui/dialog.tsx:22:6)
    at QuoteSendDialog (http://localhost:5173/src/app/components/QuoteSendDialog.tsx:34:3)
    at div
    at QuoteEditor (http://localhost:5173/src/app/components/QuoteEditor.tsx:282:20)
    at RenderedRoute (http://localhost:5173/node_modules/.vite/deps/react-router.js?v=bc038f88:5474:26)
    at Outlet (http://localhost:5173/node_modules/.vite/deps/react-router.js?v=bc038f88:6138:26)
    at PageTransition (http://localhost:5173/src/app/components/Layout.tsx:809:3)
    at main
    at div
    at div
    at Layout (http://localhost:5173/src/app/components/Layout.tsx:103:20)
    at RenderedRoute (http://localhost:5173/node_modules/.vite/deps/react-router.js?v=bc038f88:5474:26)
    at RenderErrorBoundary (http://localhost:5173/node_modules/.vite/deps/react-router.js?v=bc038f88:5433:5)
    at DataRoutes (http://localhost:5173/node_modules/.vite/deps/react-router.js?v=bc038f88:6062:3)
    at Router (http://localhost:5173/node_modules/.vite/deps/react-router.js?v=bc038f88:6147:13)
    at RouterProvider (http://localhost:5173/node_modules/.vite/deps/react-router.js?v=bc038f88:5892:3)
    at RoleRouter (http://localhost:5173/src/app/App.tsx:158:23)
    at AppInner (http://localhost:5173/src/app/App.tsx:97:67)
    at AuthProvider (http://localhost:5173/src/app/components/AuthContext.tsx:30:32)
    at ConvexProvider (http://localhost:5173/node_modules/.vite/deps/chunk-AIKYKSBK.js?v=bc038f88:4111:25)
    at ConvexProviderWithAuth (http://localhost:5173/node_modules/.vite/deps/chunk-AIKYKSBK.js?v=bc038f88:4905:3)
    at AuthProvider (http://localhost:5173/node_modules/.vite/deps/@convex-dev_auth_react.js?v=bc038f88:77:25)
    at ConvexAuthProvider (http://localhost:5173/node_modules/.vite/deps/@convex-dev_auth_react.js?v=bc038f88:390:11)
    at ConvexProvider (http://localhost:5173/src/app/components/ConvexProvider.tsx:21:34)
    at App @ http://localhost:5173/src/main.tsx:6
[   19363ms] [WARNING] Warning: Missing `Description` or `aria-describedby={undefined}` for {DialogContent}. @ http://localhost:5173/src/main.tsx:6
