[     657ms] [ERROR] Failed to load resource: the server responded with a status of 404 (Not Found) @ http://localhost:5173/favicon.ico:0
[  156917ms] [ERROR] Warning: Function components cannot be given refs. Attempts to access this ref will fail. Did you mean to use React.forwardRef()?%s%s 

Check the render method of `SlotClone`. 
    at DialogOverlay (http://localhost:5173/src/app/components/ui/dialog.tsx:62:3)
    at http://localhost:5173/node_modules/.vite/deps/chunk-XXQCPGRP.js?v=a2b3ea5f:73:11
    at http://localhost:5173/node_modules/.vite/deps/chunk-XXQCPGRP.js?v=a2b3ea5f:54:11
    at http://localhost:5173/node_modules/.vite/deps/chunk-CZHEO6EI.js?v=a2b3ea5f:194:13
    at http://localhost:5173/node_modules/.vite/deps/chunk-F2E7X76I.js?v=a2b3ea5f:487:22
    at Presence (http://localhost:5173/node_modules/.vite/deps/chunk-CZHEO6EI.js?v=a2b3ea5f:218:11)
    at Provider (http://localhost:5173/node_modules/.vite/deps/chunk-CZHEO6EI.js?v=a2b3ea5f:55:15)
    at DialogPortal (http://localhost:5173/node_modules/.vite/deps/@radix-ui_react-dialog.js?v=a2b3ea5f:101:11)
    at DialogPortal (http://localhost:5173/src/app/components/ui/dialog.tsx:42:6)
    at DialogContent (http://localhost:5173/src/app/components/ui/dialog.tsx:87:3)
    at Provider (http://localhost:5173/node_modules/.vite/deps/chunk-CZHEO6EI.js?v=a2b3ea5f:55:15)
    at Dialog (http://localhost:5173/node_modules/.vite/deps/@radix-ui_react-dialog.js?v=a2b3ea5f:42:5)
    at Dialog (http://localhost:5173/src/app/components/ui/dialog.tsx:22:6)
    at QuoteSendDialog (http://localhost:5173/src/app/components/QuoteSendDialog.tsx:34:3)
    at div
    at QuoteEditor (http://localhost:5173/src/app/components/QuoteEditor.tsx?t=1773484742393:281:20)
    at RenderedRoute (http://localhost:5173/node_modules/.vite/deps/react-router.js?v=a2b3ea5f:5474:26)
    at Outlet (http://localhost:5173/node_modules/.vite/deps/react-router.js?v=a2b3ea5f:6138:26)
    at div
    at MotionDOMComponent (http://localhost:5173/node_modules/.vite/deps/motion_react.js?v=a2b3ea5f:1274:40)
    at PopChildMeasure (http://localhost:5173/node_modules/.vite/deps/motion_react.js?v=a2b3ea5f:420:23)
    at PopChild (http://localhost:5173/node_modules/.vite/deps/motion_react.js?v=a2b3ea5f:446:21)
    at PresenceChild (http://localhost:5173/node_modules/.vite/deps/motion_react.js?v=a2b3ea5f:494:24)
    at AnimatePresence (http://localhost:5173/node_modules/.vite/deps/motion_react.js?v=a2b3ea5f:571:26)
    at PageTransition (http://localhost:5173/src/app/components/Layout.tsx?t=1773485935670:784:3)
    at main
    at div
    at div
    at Layout (http://localhost:5173/src/app/components/Layout.tsx?t=1773485935670:101:20)
    at RenderedRoute (http://localhost:5173/node_modules/.vite/deps/react-router.js?v=a2b3ea5f:5474:26)
    at RenderErrorBoundary (http://localhost:5173/node_modules/.vite/deps/react-router.js?v=a2b3ea5f:5433:5)
    at DataRoutes (http://localhost:5173/node_modules/.vite/deps/react-router.js?v=a2b3ea5f:6062:3)
    at Router (http://localhost:5173/node_modules/.vite/deps/react-router.js?v=a2b3ea5f:6147:13)
    at RouterProvider (http://localhost:5173/node_modules/.vite/deps/react-router.js?v=a2b3ea5f:5892:3)
    at RoleRouter (http://localhost:5173/src/app/App.tsx?t=1773485935670:174:23)
    at AppInner (http://localhost:5173/src/app/App.tsx?t=1773485935670:98:67)
    at AuthProvider (http://localhost:5173/src/app/components/AuthContext.tsx:30:32)
    at ConvexProvider (http://localhost:5173/node_modules/.vite/deps/chunk-AIKYKSBK.js?v=a2b3ea5f:4111:25)
    at ConvexProviderWithAuth (http://localhost:5173/node_modules/.vite/deps/chunk-AIKYKSBK.js?v=a2b3ea5f:4905:3)
    at AuthProvider (http://localhost:5173/node_modules/.vite/deps/@convex-dev_auth_react.js?v=a2b3ea5f:77:25)
    at ConvexAuthProvider (http://localhost:5173/node_modules/.vite/deps/@convex-dev_auth_react.js?v=a2b3ea5f:390:11)
    at ConvexProvider (http://localhost:5173/src/app/components/ConvexProvider.tsx:21:34)
    at App @ http://localhost:5173/src/main.tsx?t=1773485935670:6
[  156931ms] [WARNING] Warning: Missing `Description` or `aria-describedby={undefined}` for {DialogContent}. @ http://localhost:5173/src/main.tsx?t=1773485935670:6
